  Block.cpp
C:\Users\Potatocakes\Desktop\GitHub\Prototype\Prototype\Prototype\Block.cpp(12,48): warning C4244: 'argument': conversion from 'int' to 'float', possible loss of data
C:\Users\Potatocakes\Desktop\GitHub\Prototype\Prototype\Prototype\Block.cpp(12,27): warning C4244: 'argument': conversion from 'int' to 'float', possible loss of data
  Character.cpp
C:\Users\Potatocakes\Desktop\GitHub\Prototype\Prototype\Prototype\Character.cpp(39,81): warning C4244: 'argument': conversion from 'T' to 'T', possible loss of data
C:\Users\Potatocakes\Desktop\GitHub\Prototype\Prototype\Prototype\Character.cpp(39,81): warning C4244:         with
C:\Users\Potatocakes\Desktop\GitHub\Prototype\Prototype\Prototype\Character.cpp(39,81): warning C4244:         [
C:\Users\Potatocakes\Desktop\GitHub\Prototype\Prototype\Prototype\Character.cpp(39,81): warning C4244:             T=float
C:\Users\Potatocakes\Desktop\GitHub\Prototype\Prototype\Prototype\Character.cpp(39,81): warning C4244:         ]
C:\Users\Potatocakes\Desktop\GitHub\Prototype\Prototype\Prototype\Character.cpp(39,81): warning C4244:         and
C:\Users\Potatocakes\Desktop\GitHub\Prototype\Prototype\Prototype\Character.cpp(39,81): warning C4244:         [
C:\Users\Potatocakes\Desktop\GitHub\Prototype\Prototype\Prototype\Character.cpp(39,81): warning C4244:             T=int
C:\Users\Potatocakes\Desktop\GitHub\Prototype\Prototype\Prototype\Character.cpp(39,81): warning C4244:         ]
C:\Users\Potatocakes\Desktop\GitHub\Prototype\Prototype\Prototype\Character.cpp(39,50): warning C4244: 'argument': conversion from 'T' to 'T', possible loss of data
C:\Users\Potatocakes\Desktop\GitHub\Prototype\Prototype\Prototype\Character.cpp(39,50): warning C4244:         with
C:\Users\Potatocakes\Desktop\GitHub\Prototype\Prototype\Prototype\Character.cpp(39,50): warning C4244:         [
C:\Users\Potatocakes\Desktop\GitHub\Prototype\Prototype\Prototype\Character.cpp(39,50): warning C4244:             T=float
C:\Users\Potatocakes\Desktop\GitHub\Prototype\Prototype\Prototype\Character.cpp(39,50): warning C4244:         ]
C:\Users\Potatocakes\Desktop\GitHub\Prototype\Prototype\Prototype\Character.cpp(39,50): warning C4244:         and
C:\Users\Potatocakes\Desktop\GitHub\Prototype\Prototype\Prototype\Character.cpp(39,50): warning C4244:         [
C:\Users\Potatocakes\Desktop\GitHub\Prototype\Prototype\Prototype\Character.cpp(39,50): warning C4244:             T=int
C:\Users\Potatocakes\Desktop\GitHub\Prototype\Prototype\Prototype\Character.cpp(39,50): warning C4244:         ]
C:\Users\Potatocakes\Desktop\GitHub\Prototype\Prototype\Prototype\Character.cpp(73,81): warning C4244: 'argument': conversion from 'T' to 'T', possible loss of data
C:\Users\Potatocakes\Desktop\GitHub\Prototype\Prototype\Prototype\Character.cpp(73,81): warning C4244:         with
C:\Users\Potatocakes\Desktop\GitHub\Prototype\Prototype\Prototype\Character.cpp(73,81): warning C4244:         [
C:\Users\Potatocakes\Desktop\GitHub\Prototype\Prototype\Prototype\Character.cpp(73,81): warning C4244:             T=float
C:\Users\Potatocakes\Desktop\GitHub\Prototype\Prototype\Prototype\Character.cpp(73,81): warning C4244:         ]
C:\Users\Potatocakes\Desktop\GitHub\Prototype\Prototype\Prototype\Character.cpp(73,81): warning C4244:         and
C:\Users\Potatocakes\Desktop\GitHub\Prototype\Prototype\Prototype\Character.cpp(73,81): warning C4244:         [
C:\Users\Potatocakes\Desktop\GitHub\Prototype\Prototype\Prototype\Character.cpp(73,81): warning C4244:             T=int
C:\Users\Potatocakes\Desktop\GitHub\Prototype\Prototype\Prototype\Character.cpp(73,81): warning C4244:         ]
C:\Users\Potatocakes\Desktop\GitHub\Prototype\Prototype\Prototype\Character.cpp(73,50): warning C4244: 'argument': conversion from 'T' to 'T', possible loss of data
C:\Users\Potatocakes\Desktop\GitHub\Prototype\Prototype\Prototype\Character.cpp(73,50): warning C4244:         with
C:\Users\Potatocakes\Desktop\GitHub\Prototype\Prototype\Prototype\Character.cpp(73,50): warning C4244:         [
C:\Users\Potatocakes\Desktop\GitHub\Prototype\Prototype\Prototype\Character.cpp(73,50): warning C4244:             T=float
C:\Users\Potatocakes\Desktop\GitHub\Prototype\Prototype\Prototype\Character.cpp(73,50): warning C4244:         ]
C:\Users\Potatocakes\Desktop\GitHub\Prototype\Prototype\Prototype\Character.cpp(73,50): warning C4244:         and
C:\Users\Potatocakes\Desktop\GitHub\Prototype\Prototype\Prototype\Character.cpp(73,50): warning C4244:         [
C:\Users\Potatocakes\Desktop\GitHub\Prototype\Prototype\Prototype\Character.cpp(73,50): warning C4244:             T=int
C:\Users\Potatocakes\Desktop\GitHub\Prototype\Prototype\Prototype\Character.cpp(73,50): warning C4244:         ]
  Click.cpp
  GameStateManager.cpp
C:\Users\Potatocakes\Desktop\GitHub\Prototype\Prototype\Prototype\GameStateManager.cpp(5,54): warning C4244: 'argument': conversion from 'T' to 'float', possible loss of data
C:\Users\Potatocakes\Desktop\GitHub\Prototype\Prototype\Prototype\GameStateManager.cpp(5,54): warning C4244:         with
C:\Users\Potatocakes\Desktop\GitHub\Prototype\Prototype\Prototype\GameStateManager.cpp(5,54): warning C4244:         [
C:\Users\Potatocakes\Desktop\GitHub\Prototype\Prototype\Prototype\GameStateManager.cpp(5,54): warning C4244:             T=unsigned int
C:\Users\Potatocakes\Desktop\GitHub\Prototype\Prototype\Prototype\GameStateManager.cpp(5,54): warning C4244:         ]
C:\Users\Potatocakes\Desktop\GitHub\Prototype\Prototype\Prototype\GameStateManager.cpp(5,34): warning C4244: 'argument': conversion from 'T' to 'float', possible loss of data
C:\Users\Potatocakes\Desktop\GitHub\Prototype\Prototype\Prototype\GameStateManager.cpp(5,34): warning C4244:         with
C:\Users\Potatocakes\Desktop\GitHub\Prototype\Prototype\Prototype\GameStateManager.cpp(5,34): warning C4244:         [
C:\Users\Potatocakes\Desktop\GitHub\Prototype\Prototype\Prototype\GameStateManager.cpp(5,34): warning C4244:             T=unsigned int
C:\Users\Potatocakes\Desktop\GitHub\Prototype\Prototype\Prototype\GameStateManager.cpp(5,34): warning C4244:         ]
C:\Users\Potatocakes\Desktop\GitHub\Prototype\Prototype\Prototype\GameStateManager.cpp(7,77): warning C4244: 'argument': conversion from 'T' to 'T', possible loss of data
C:\Users\Potatocakes\Desktop\GitHub\Prototype\Prototype\Prototype\GameStateManager.cpp(7,77): warning C4244:         with
C:\Users\Potatocakes\Desktop\GitHub\Prototype\Prototype\Prototype\GameStateManager.cpp(7,77): warning C4244:         [
C:\Users\Potatocakes\Desktop\GitHub\Prototype\Prototype\Prototype\GameStateManager.cpp(7,77): warning C4244:             T=unsigned int
C:\Users\Potatocakes\Desktop\GitHub\Prototype\Prototype\Prototype\GameStateManager.cpp(7,77): warning C4244:         ]
C:\Users\Potatocakes\Desktop\GitHub\Prototype\Prototype\Prototype\GameStateManager.cpp(7,77): warning C4244:         and
C:\Users\Potatocakes\Desktop\GitHub\Prototype\Prototype\Prototype\GameStateManager.cpp(7,77): warning C4244:         [
C:\Users\Potatocakes\Desktop\GitHub\Prototype\Prototype\Prototype\GameStateManager.cpp(7,77): warning C4244:             T=float
C:\Users\Potatocakes\Desktop\GitHub\Prototype\Prototype\Prototype\GameStateManager.cpp(7,77): warning C4244:         ]
C:\Users\Potatocakes\Desktop\GitHub\Prototype\Prototype\Prototype\GameStateManager.cpp(7,57): warning C4244: 'argument': conversion from 'T' to 'T', possible loss of data
C:\Users\Potatocakes\Desktop\GitHub\Prototype\Prototype\Prototype\GameStateManager.cpp(7,57): warning C4244:         with
C:\Users\Potatocakes\Desktop\GitHub\Prototype\Prototype\Prototype\GameStateManager.cpp(7,57): warning C4244:         [
C:\Users\Potatocakes\Desktop\GitHub\Prototype\Prototype\Prototype\GameStateManager.cpp(7,57): warning C4244:             T=unsigned int
C:\Users\Potatocakes\Desktop\GitHub\Prototype\Prototype\Prototype\GameStateManager.cpp(7,57): warning C4244:         ]
C:\Users\Potatocakes\Desktop\GitHub\Prototype\Prototype\Prototype\GameStateManager.cpp(7,57): warning C4244:         and
C:\Users\Potatocakes\Desktop\GitHub\Prototype\Prototype\Prototype\GameStateManager.cpp(7,57): warning C4244:         [
C:\Users\Potatocakes\Desktop\GitHub\Prototype\Prototype\Prototype\GameStateManager.cpp(7,57): warning C4244:             T=float
C:\Users\Potatocakes\Desktop\GitHub\Prototype\Prototype\Prototype\GameStateManager.cpp(7,57): warning C4244:         ]
  Inventory.cpp
C:\Users\Potatocakes\Desktop\GitHub\Prototype\Prototype\Prototype\Inventory.cpp(11,36): warning C4244: 'argument': conversion from 'int' to 'T', possible loss of data
C:\Users\Potatocakes\Desktop\GitHub\Prototype\Prototype\Prototype\Inventory.cpp(11,36): warning C4244:         with
C:\Users\Potatocakes\Desktop\GitHub\Prototype\Prototype\Prototype\Inventory.cpp(11,36): warning C4244:         [
C:\Users\Potatocakes\Desktop\GitHub\Prototype\Prototype\Prototype\Inventory.cpp(11,36): warning C4244:             T=float
C:\Users\Potatocakes\Desktop\GitHub\Prototype\Prototype\Prototype\Inventory.cpp(11,36): warning C4244:         ]
  Item.cpp
  main.cpp
  Player.cpp
C:\Users\Potatocakes\Desktop\GitHub\Prototype\Prototype\Prototype\Player.cpp(95,70): warning C4244: 'argument': conversion from 'T' to 'int', possible loss of data
C:\Users\Potatocakes\Desktop\GitHub\Prototype\Prototype\Prototype\Player.cpp(95,70): warning C4244:         with
C:\Users\Potatocakes\Desktop\GitHub\Prototype\Prototype\Prototype\Player.cpp(95,70): warning C4244:         [
C:\Users\Potatocakes\Desktop\GitHub\Prototype\Prototype\Prototype\Player.cpp(95,70): warning C4244:             T=float
C:\Users\Potatocakes\Desktop\GitHub\Prototype\Prototype\Prototype\Player.cpp(95,70): warning C4244:         ]
C:\Users\Potatocakes\Desktop\GitHub\Prototype\Prototype\Prototype\Player.cpp(95,44): warning C4244: 'argument': conversion from 'T' to 'int', possible loss of data
C:\Users\Potatocakes\Desktop\GitHub\Prototype\Prototype\Prototype\Player.cpp(95,44): warning C4244:         with
C:\Users\Potatocakes\Desktop\GitHub\Prototype\Prototype\Prototype\Player.cpp(95,44): warning C4244:         [
C:\Users\Potatocakes\Desktop\GitHub\Prototype\Prototype\Prototype\Player.cpp(95,44): warning C4244:             T=float
C:\Users\Potatocakes\Desktop\GitHub\Prototype\Prototype\Prototype\Player.cpp(95,44): warning C4244:         ]
C:\Users\Potatocakes\Desktop\GitHub\Prototype\Prototype\Prototype\Player.cpp(106,104): warning C4244: 'argument': conversion from 'T' to 'int', possible loss of data
C:\Users\Potatocakes\Desktop\GitHub\Prototype\Prototype\Prototype\Player.cpp(106,104): warning C4244:         with
C:\Users\Potatocakes\Desktop\GitHub\Prototype\Prototype\Prototype\Player.cpp(106,104): warning C4244:         [
C:\Users\Potatocakes\Desktop\GitHub\Prototype\Prototype\Prototype\Player.cpp(106,104): warning C4244:             T=float
C:\Users\Potatocakes\Desktop\GitHub\Prototype\Prototype\Prototype\Player.cpp(106,104): warning C4244:         ]
C:\Users\Potatocakes\Desktop\GitHub\Prototype\Prototype\Prototype\Player.cpp(106,66): warning C4244: 'argument': conversion from 'T' to 'int', possible loss of data
C:\Users\Potatocakes\Desktop\GitHub\Prototype\Prototype\Prototype\Player.cpp(106,66): warning C4244:         with
C:\Users\Potatocakes\Desktop\GitHub\Prototype\Prototype\Prototype\Player.cpp(106,66): warning C4244:         [
C:\Users\Potatocakes\Desktop\GitHub\Prototype\Prototype\Prototype\Player.cpp(106,66): warning C4244:             T=float
C:\Users\Potatocakes\Desktop\GitHub\Prototype\Prototype\Prototype\Player.cpp(106,66): warning C4244:         ]
C:\Users\Potatocakes\Desktop\GitHub\Prototype\Prototype\Prototype\Player.cpp(107,121): warning C4244: 'argument': conversion from 'T' to 'int', possible loss of data
C:\Users\Potatocakes\Desktop\GitHub\Prototype\Prototype\Prototype\Player.cpp(107,121): warning C4244:         with
C:\Users\Potatocakes\Desktop\GitHub\Prototype\Prototype\Prototype\Player.cpp(107,121): warning C4244:         [
C:\Users\Potatocakes\Desktop\GitHub\Prototype\Prototype\Prototype\Player.cpp(107,121): warning C4244:             T=float
C:\Users\Potatocakes\Desktop\GitHub\Prototype\Prototype\Prototype\Player.cpp(107,121): warning C4244:         ]
C:\Users\Potatocakes\Desktop\GitHub\Prototype\Prototype\Prototype\Player.cpp(107,66): warning C4244: 'argument': conversion from 'T' to 'int', possible loss of data
C:\Users\Potatocakes\Desktop\GitHub\Prototype\Prototype\Prototype\Player.cpp(107,66): warning C4244:         with
C:\Users\Potatocakes\Desktop\GitHub\Prototype\Prototype\Prototype\Player.cpp(107,66): warning C4244:         [
C:\Users\Potatocakes\Desktop\GitHub\Prototype\Prototype\Prototype\Player.cpp(107,66): warning C4244:             T=float
C:\Users\Potatocakes\Desktop\GitHub\Prototype\Prototype\Prototype\Player.cpp(107,66): warning C4244:         ]
C:\Users\Potatocakes\Desktop\GitHub\Prototype\Prototype\Prototype\Player.cpp(111,120): warning C4244: 'argument': conversion from 'T' to 'T', possible loss of data
C:\Users\Potatocakes\Desktop\GitHub\Prototype\Prototype\Prototype\Player.cpp(111,120): warning C4244:         with
C:\Users\Potatocakes\Desktop\GitHub\Prototype\Prototype\Prototype\Player.cpp(111,120): warning C4244:         [
C:\Users\Potatocakes\Desktop\GitHub\Prototype\Prototype\Prototype\Player.cpp(111,120): warning C4244:             T=float
C:\Users\Potatocakes\Desktop\GitHub\Prototype\Prototype\Prototype\Player.cpp(111,120): warning C4244:         ]
C:\Users\Potatocakes\Desktop\GitHub\Prototype\Prototype\Prototype\Player.cpp(111,120): warning C4244:         and
C:\Users\Potatocakes\Desktop\GitHub\Prototype\Prototype\Prototype\Player.cpp(111,120): warning C4244:         [
C:\Users\Potatocakes\Desktop\GitHub\Prototype\Prototype\Prototype\Player.cpp(111,120): warning C4244:             T=int
C:\Users\Potatocakes\Desktop\GitHub\Prototype\Prototype\Prototype\Player.cpp(111,120): warning C4244:         ]
C:\Users\Potatocakes\Desktop\GitHub\Prototype\Prototype\Prototype\Player.cpp(111,94): warning C4244: 'argument': conversion from 'T' to 'T', possible loss of data
C:\Users\Potatocakes\Desktop\GitHub\Prototype\Prototype\Prototype\Player.cpp(111,94): warning C4244:         with
C:\Users\Potatocakes\Desktop\GitHub\Prototype\Prototype\Prototype\Player.cpp(111,94): warning C4244:         [
C:\Users\Potatocakes\Desktop\GitHub\Prototype\Prototype\Prototype\Player.cpp(111,94): warning C4244:             T=float
C:\Users\Potatocakes\Desktop\GitHub\Prototype\Prototype\Prototype\Player.cpp(111,94): warning C4244:         ]
C:\Users\Potatocakes\Desktop\GitHub\Prototype\Prototype\Prototype\Player.cpp(111,94): warning C4244:         and
C:\Users\Potatocakes\Desktop\GitHub\Prototype\Prototype\Prototype\Player.cpp(111,94): warning C4244:         [
C:\Users\Potatocakes\Desktop\GitHub\Prototype\Prototype\Prototype\Player.cpp(111,94): warning C4244:             T=int
C:\Users\Potatocakes\Desktop\GitHub\Prototype\Prototype\Prototype\Player.cpp(111,94): warning C4244:         ]
  PlayerState.cpp
  Slot.cpp
  World.cpp
  Generating code
  320 of 932 functions (34.3%) were compiled, the rest were copied from previous compilation.
    151 functions were new in current compilation
    76 functions had inline decision re-evaluated but remain unchanged
  Finished generating code
  Prototype.vcxproj -> C:\Users\Potatocakes\Desktop\GitHub\Prototype\Prototype\x64\Release\Prototype.exe
  'pwsh.exe' is not recognized as an internal or external command,
  operable program or batch file.
